0 info it worked if it ends with ok
1 verbose cli [ 'C:\\Program Files\\nodejs\\node.exe',
1 verbose cli   'C:\\Program Files\\nodejs\\node_modules\\npm\\bin\\npm-cli.js',
1 verbose cli   'run',
1 verbose cli   'watch' ]
2 info using npm@3.10.10
3 info using node@v6.10.2
4 verbose run-script [ 'prewatch', 'watch', 'postwatch' ]
5 info lifecycle react_get_start@1.0.0~prewatch: react_get_start@1.0.0
6 silly lifecycle react_get_start@1.0.0~prewatch: no script for prewatch, continuing
7 info lifecycle react_get_start@1.0.0~watch: react_get_start@1.0.0
8 verbose lifecycle react_get_start@1.0.0~watch: unsafe-perm in lifecycle true
9 verbose lifecycle react_get_start@1.0.0~watch: PATH: C:\Program Files\nodejs\node_modules\npm\bin\node-gyp-bin;C:\workspaces\vscode\react\react_branch\react_get_start\node_modules\.bin;C:\Programs\Python36-32\Scripts\;C:\Programs\Python36-32\;C:\ProgramData\Oracle\Java\javapath;C:\Program Files (x86)\Intel\TXE Components\iCLS\;C:\Program Files\Intel\TXE Components\iCLS\;C:\WINDOWS\system32;C:\WINDOWS;C:\WINDOWS\System32\Wbem;C:\WINDOWS\System32\WindowsPowerShell\v1.0\;C:\Program Files\Intel\TXE Components\DAL\;C:\Program Files (x86)\Intel\TXE Components\DAL\;C:\Program Files\Intel\TXE Components\IPT\;C:\Program Files (x86)\Intel\TXE Components\IPT\;C:\Program Files\Java\jdk1.8.0_131\bin;C:\Program Files (x86)\Groovy\Groovy-2.4.10\bin;C:\Programs\gradle\gradle-3.5\bin;C:\Program Files\Git\cmd;C:\Program Files\Git;C:\Program Files\nodejs\;C:\Program Files\dotnet\;C:\Users\pppiroto\AppData\Local\Microsoft\WindowsApps;;C:\Program Files (x86)\Microsoft VS Code\bin;C:\Users\pppiroto\AppData\Roaming\npm
10 verbose lifecycle react_get_start@1.0.0~watch: CWD: C:\workspaces\vscode\react\react_branch\react_get_start
11 silly lifecycle react_get_start@1.0.0~watch: Args: [ '/d /s /c', 'webpack --watch --progress' ]
12 silly lifecycle react_get_start@1.0.0~watch: Returned: code: 1  signal: null
13 info lifecycle react_get_start@1.0.0~watch: Failed to exec watch script
14 verbose stack Error: react_get_start@1.0.0 watch: `webpack --watch --progress`
14 verbose stack Exit status 1
14 verbose stack     at EventEmitter.<anonymous> (C:\Program Files\nodejs\node_modules\npm\lib\utils\lifecycle.js:255:16)
14 verbose stack     at emitTwo (events.js:106:13)
14 verbose stack     at EventEmitter.emit (events.js:191:7)
14 verbose stack     at ChildProcess.<anonymous> (C:\Program Files\nodejs\node_modules\npm\lib\utils\spawn.js:40:14)
14 verbose stack     at emitTwo (events.js:106:13)
14 verbose stack     at ChildProcess.emit (events.js:191:7)
14 verbose stack     at maybeClose (internal/child_process.js:886:16)
14 verbose stack     at Process.ChildProcess._handle.onexit (internal/child_process.js:226:5)
15 verbose pkgid react_get_start@1.0.0
16 verbose cwd C:\workspaces\vscode\react\react_branch\react_get_start
17 error Windows_NT 10.0.15063
18 error argv "C:\\Program Files\\nodejs\\node.exe" "C:\\Program Files\\nodejs\\node_modules\\npm\\bin\\npm-cli.js" "run" "watch"
19 error node v6.10.2
20 error npm  v3.10.10
21 error code ELIFECYCLE
22 error react_get_start@1.0.0 watch: `webpack --watch --progress`
22 error Exit status 1
23 error Failed at the react_get_start@1.0.0 watch script 'webpack --watch --progress'.
23 error Make sure you have the latest version of node.js and npm installed.
23 error If you do, this is most likely a problem with the react_get_start package,
23 error not with npm itself.
23 error Tell the author that this fails on your system:
23 error     webpack --watch --progress
23 error You can get information on how to open an issue for this project with:
23 error     npm bugs react_get_start
23 error Or if that isn't available, you can get their info via:
23 error     npm owner ls react_get_start
23 error There is likely additional logging output above.
24 verbose exit [ 1, true ]
